<?xml version="1.0" encoding="UTF-8"?>
<!-- Generated by org.testng.reporters.JUnitReportReporter -->
<testsuite hostname="lin33001588" failures="0" tests="12" name="Demo.KiteTest1" time="34.607" errors="0" timestamp="2022-06-07T01:38:39 IST" skipped="0">
  <testcase classname="Demo.KiteTest1" name="KiteLoginpageTitle" time="2.832"/>
  <system-out/>
  <testcase classname="Demo.KiteTest1" name="KiteLoginpageTitle" time="3.409"/>
  <system-out/>
  <testcase classname="Demo.KiteTest1" name="KiteLoginpageTitle" time="2.840"/>
  <system-out/>
  <testcase classname="Demo.KiteTest1" name="KiteLoginpageTitle" time="2.772"/>
  <system-out/>
  <testcase classname="Demo.KiteTest1" name="KiteLoginpageTitle" time="2.583"/>
  <system-out/>
  <testcase classname="Demo.KiteTest1" name="KiteLoginpageTitle" time="2.761"/>
  <system-out/>
  <testcase classname="Demo.KiteTest1" name="forgetuserlink" time="3.058"/>
  <system-out/>
  <testcase classname="Demo.KiteTest1" name="KiteLoginpageTitle" time="2.620"/>
  <system-out/>
  <testcase classname="Demo.KiteTest1" name="kitelogoTest" time="2.810"/>
  <system-out/>
  <testcase classname="Demo.KiteTest1" name="KiteLoginpageTitle" time="2.910"/>
  <system-out/>
  <testcase classname="Demo.KiteTest1" name="KiteLoginpageTitle" time="2.573"/>
  <system-out/>
  <testcase classname="Demo.KiteTest1" name="KiteLoginpageTitle" time="3.439"/>
  <system-out/>
</testsuite> <!-- Demo.KiteTest1 -->
